Messages
========

.
  Line: None
    frosted: failure / Tool frosted failed to run (exception was raised)

blackJack\Deck.py
  Line: 1
    pylint: missing-module-docstring / Missing module docstring
  Line: 25
    pylint: missing-class-docstring / Missing class docstring
  Line: 26
    pep257: D107 / Missing docstring in __init__
  Line: 29
    pylint: missing-class-docstring / Missing class docstring
  Line: 32
    pylint: missing-class-docstring / Missing class docstring
  Line: 40
    pep257: D107 / Missing docstring in __init__
  Line: 52
    pylint: missing-function-docstring / Missing function or method docstring (col 4)
  Line: 67
    pylint: missing-function-docstring / Missing function or method docstring (col 4)
  Line: 72
    pylint: missing-function-docstring / Missing function or method docstring (col 4)
  Line: 74
    bandit: B311 / Standard pseudo-random generators are not suitable for security/cryptographic purposes.
  Line: 75
    bandit: B311 / Standard pseudo-random generators are not suitable for security/cryptographic purposes.
  Line: 78
    pylint: missing-class-docstring / Missing class docstring
  Line: 80
    pep257: D107 / Missing docstring in __init__
  Line: 86
    pylint: missing-function-docstring / Missing function or method docstring (col 4)
  Line: 93
    pep257: D105 / Missing docstring in magic method
  Line: 96
    pep257: D105 / Missing docstring in magic method
  Line: 99
    pep257: D105 / Missing docstring in magic method
  Line: 104
    pep257: D105 / Missing docstring in magic method
  Line: 109
    pep257: D105 / Missing docstring in magic method
  Line: 116
    pep257: D105 / Missing docstring in magic method
  Line: 125
    pep257: D105 / Missing docstring in magic method
  Line: 130
    pep257: D105 / Missing docstring in magic method
  Line: 135
    pylint: missing-function-docstring / Missing function or method docstring (col 4)
  Line: 140
    pep257: D105 / Missing docstring in magic method

blackJack\MenuBar.py
  Line: 1
    pylint: missing-module-docstring / Missing module docstring
  Line: 34
    pylint: missing-class-docstring / Missing class docstring
  Line: 35
    pep257: D107 / Missing docstring in __init__
  Line: 56
    pylint: missing-function-docstring / Missing function or method docstring (col 4)
  Line: 59
    pylint: missing-function-docstring / Missing function or method docstring (col 4)
  Line: 62
    pylint: missing-function-docstring / Missing function or method docstring (col 4)
  Line: 65
    pylint: missing-class-docstring / Missing class docstring
  Line: 66
    pep257: D107 / Missing docstring in __init__
  Line: 97
    pylint: missing-function-docstring / Missing function or method docstring (col 4)

blackJack\PlayerBox.py
  Line: 1
    pylint: missing-module-docstring / Missing module docstring
  Line: 32
    mypy: error / Argument 1 to "join" has incompatible type "Optional[str]"; expected "Union[str, _PathLike[str]]" (col 26)
  Line: 34
    pylint: missing-class-docstring / Missing class docstring
  Line: 47
    pep257: D107 / Missing docstring in __init__
  Line: 82
    pylint: missing-function-docstring / Missing function or method docstring (col 4)
  Line: 85
    pylint: missing-function-docstring / Missing function or method docstring (col 4)
  Line: 88
    pylint: missing-function-docstring / Missing function or method docstring (col 4)
  Line: 91
    pylint: missing-function-docstring / Missing function or method docstring (col 4)
  Line: 99
    pylint: missing-function-docstring / Missing function or method docstring (col 4)
  Line: 102
    pylint: missing-function-docstring / Missing function or method docstring (col 4)
  Line: 110
    pylint: missing-class-docstring / Missing class docstring
  Line: 115
    pep257: D107 / Missing docstring in __init__
  Line: 123
    pylint: missing-function-docstring / Missing function or method docstring (col 4)
  Line: 127
    pylint: missing-function-docstring / Missing function or method docstring (col 4)
  Line: 130
    pylint: missing-function-docstring / Missing function or method docstring (col 4)
  Line: 136
    pylint: missing-function-docstring / Missing function or method docstring (col 4)

blackJack\Players.py
  Line: 1
    pylint: missing-module-docstring / Missing module docstring
  Line: 25
    pylint: missing-class-docstring / Missing class docstring
  Line: 27
    pep257: D107 / Missing docstring in __init__
  Line: 38
    pylint: missing-function-docstring / Missing function or method docstring (col 4)
  Line: 41
    pep257: D105 / Missing docstring in magic method
  Line: 44
    pep257: D105 / Missing docstring in magic method
  Line: 47
    pylint: missing-function-docstring / Missing function or method docstring (col 4)
  Line: 50
    pylint: missing-function-docstring / Missing function or method docstring (col 4)
  Line: 55
    pylint: missing-function-docstring / Missing function or method docstring (col 4)
  Line: 58
    pylint: missing-function-docstring / Missing function or method docstring (col 4)
  Line: 67
    pylint: missing-function-docstring / Missing function or method docstring (col 4)
  Line: 70
    pylint: missing-function-docstring / Missing function or method docstring (col 4)
  Line: 77
    pep257: D200 / One-line docstring should fit on one line with quotes (found 3)
    pep257: D203 / 1 blank line required before class docstring (found 0)
    pep257: D212 / Multi-line docstring summary should start at the first line
    pep257: D208 / Docstring is over-indented
  Line: 81
    pep257: D107 / Missing docstring in __init__
  Line: 92
    pylint: missing-function-docstring / Missing function or method docstring (col 4)
  Line: 108
    pylint: missing-function-docstring / Missing function or method docstring (col 4)
  Line: 114
    pylint: missing-function-docstring / Missing function or method docstring (col 4)
  Line: 122
    pylint: missing-function-docstring / Missing function or method docstring (col 4)
  Line: 126
    pylint: missing-function-docstring / Missing function or method docstring (col 4)
  Line: 137
    pylint: missing-function-docstring / Missing function or method docstring (col 4)
  Line: 145
    pylint: missing-function-docstring / Missing function or method docstring (col 4)
  Line: 153
    pylint: missing-function-docstring / Missing function or method docstring (col 4)
  Line: 162
    pylint: missing-function-docstring / Missing function or method docstring (col 4)

blackJack\Window.py
  Line: 1
    pylint: missing-module-docstring / Missing module docstring
  Line: 38
    pylint: missing-class-docstring / Missing class docstring
  Line: 40
    pep257: D107 / Missing docstring in __init__
  Line: 43
    vulture: unused-attribute / Unused attribute 'players_count'
  Line: 53
    pylint: missing-function-docstring / Missing function or method docstring (col 4)
  Line: 94
    pylint: missing-function-docstring / Missing function or method docstring (col 4)
  Line: 100
    pylint: missing-function-docstring / Missing function or method docstring (col 4)
  Line: 106
    pylint: missing-function-docstring / Missing function or method docstring (col 4)
  Line: 121
    pylint: missing-class-docstring / Missing class docstring
  Line: 126
    pep257: D107 / Missing docstring in __init__
  Line: 134
    pylint: missing-function-docstring / Missing function or method docstring (col 4)
  Line: 139
    pylint: missing-class-docstring / Missing class docstring
  Line: 144
    pep257: D107 / Missing docstring in __init__
  Line: 152
    pylint: missing-function-docstring / Missing function or method docstring (col 4)
  Line: 159
    pylint: missing-class-docstring / Missing class docstring
  Line: 164
    pep257: D107 / Missing docstring in __init__
  Line: 172
    pylint: missing-function-docstring / Missing function or method docstring (col 4)

blackJack\__init__.py
  Line: 1
    pep257: D104 / Missing docstring in public package
    pylint: missing-module-docstring / Missing module docstring

blackJack\utils.py
  Line: 1
    pylint: missing-module-docstring / Missing module docstring
  Line: 44
    vulture: unused-variable / Unused variable 'widgets'
  Line: 66
    pylint: missing-class-docstring / Missing class docstring
  Line: 68
    pep257: D107 / Missing docstring in __init__
  Line: 69
    vulture: unused-attribute / Unused attribute 'drawn'
  Line: 73
    pylint: missing-function-docstring / Missing function or method docstring (col 4)
  Line: 87
    pylint: missing-function-docstring / Missing function or method docstring (col 4)
  Line: 101
    pylint: missing-function-docstring / Missing function or method docstring (col 4)
  Line: 114
    pylint: missing-function-docstring / Missing function or method docstring (col 4)
  Line: 136
    pylint: missing-function-docstring / Missing function or method docstring (col 4)
  Line: 152
    pylint: missing-function-docstring / Missing function or method docstring (col 4)

env\Lib\site-packages\adodbapi\setup.py
  Line: None
    pyroma: PYR08 / The classifiers should specify what minor versions of Python you support as well as what major version.

env\Lib\site-packages\mypyc\lib-rt\setup.py
  Line: None
    pyroma: PYR05 / The package had no description!
    pyroma: PYR06 / The package's long_description is quite short.
    pyroma: PYR07 / Your package does not have classifiers data.
    pyroma: PYR08 / You should specify what Python versions you support.
    pyroma: PYR09 / Your package does not have keywords data.
    pyroma: PYR10 / Your package does not have author data.
    pyroma: PYR11 / Your package does not have author_email data.
    pyroma: PYR12 / Your package should have a 'url' field with a link to the project home page, or a 'project_urls' field, with a dictionary of links, or both.
    pyroma: PYRUNKNOWN / Your package does neither have a license field nor any license classifiers.
    pyroma: PYRUNKNOWN / Specifying a development status in the classifiers gives users a hint of how stable your software is.

env\Lib\site-packages\pbr\tests\testpackage\setup.py
  Line: None
    pyroma: PYR08 / You should specify what Python versions you support.

env\Lib\site-packages\pyroma\testdata\custom_test\setup.py
  Line: None
    pyroma: PYR05 / The package's description should be longer than 10 characters.
    pyroma: PYR06 / The package's long_description is quite short.
    pyroma: PYR07 / Your package does not have classifiers data.
    pyroma: PYR08 / You should specify what Python versions you support.
    pyroma: PYR09 / Your package does not have keywords data.
    pyroma: PYR10 / Your package does not have author data.
    pyroma: PYR11 / Your package does not have author_email data.
    pyroma: PYR12 / Your package should have a 'url' field with a link to the project home page, or a 'project_urls' field, with a dictionary of links, or both.
    pyroma: PYRUNKNOWN / Your package does neither have a license field nor any license classifiers.
    pyroma: PYRUNKNOWN / Specifying a development status in the classifiers gives users a hint of how stable your software is.

env\Lib\site-packages\pyroma\testdata\lacking\setup.py
  Line: None
    pyroma: PYR05 / The package had no description!
    pyroma: PYR06 / The package's long_description is quite short.
    pyroma: PYR07 / Your package does not have classifiers data.
    pyroma: PYR08 / You should specify what Python versions you support.
    pyroma: PYR09 / Your package does not have keywords data.
    pyroma: PYR10 / Your package does not have author data.
    pyroma: PYR11 / Your package does not have author_email data.
    pyroma: PYR12 / Your package should have a 'url' field with a link to the project home page, or a 'project_urls' field, with a dictionary of links, or both.
    pyroma: PYRUNKNOWN / Your package does neither have a license field nor any license classifiers.
    pyroma: PYRUNKNOWN / Specifying a development status in the classifiers gives users a hint of how stable your software is.

env\Lib\site-packages\pyroma\testdata\minimal\setup.py
  Line: None
    pyroma: PYR05 / The package's description should be longer than 10 characters.
    pyroma: PYR06 / The package's long_description is quite short.
    pyroma: PYR07 / Your package does not have classifiers data.
    pyroma: PYR08 / You should specify what Python versions you support.
    pyroma: PYR09 / Your package does not have keywords data.
    pyroma: PYR10 / Your package does not have author data.
    pyroma: PYR11 / Your package does not have author_email data.
    pyroma: PYR12 / Your package should have a 'url' field with a link to the project home page, or a 'project_urls' field, with a dictionary of links, or both.
    pyroma: PYRUNKNOWN / Your package does neither have a license field nor any license classifiers.
    pyroma: PYRUNKNOWN / Specifying a development status in the classifiers gives users a hint of how stable your software is.

env\Lib\site-packages\stevedore\example2\setup.py
  Line: None
    pyroma: PYR06 / The package's long_description is quite short.
    pyroma: PYR09 / Your package does not have keywords data.

env\Lib\site-packages\stevedore\example\setup.py
  Line: None
    pyroma: PYR06 / The package's long_description is quite short.
    pyroma: PYR09 / Your package does not have keywords data.

env\Lib\site-packages\win32\Demos\c_extension\setup.py
  Line: None
    pyroma: PYR05 / The package had no description!
    pyroma: PYR06 / The package's long_description is quite short.
    pyroma: PYR07 / Your package does not have classifiers data.
    pyroma: PYR08 / You should specify what Python versions you support.
    pyroma: PYR09 / Your package does not have keywords data.
    pyroma: PYR10 / Your package does not have author data.
    pyroma: PYR11 / Your package does not have author_email data.
    pyroma: PYR12 / Your package should have a 'url' field with a link to the project home page, or a 'project_urls' field, with a dictionary of links, or both.
    pyroma: PYRUNKNOWN / Your package does neither have a license field nor any license classifiers.
    pyroma: PYRUNKNOWN / Specifying a development status in the classifiers gives users a hint of how stable your software is.

tests\test_deck.py
  Line: 1
    pylint: django-not-available / Django is not available on the PYTHONPATH
    pylint: missing-module-docstring / Missing module docstring
  Line: 4
    pylint: unused-import / Unused import pytest
  Line: 9
    pylint: wrong-import-position / Import "from blackJack.Deck import Deck" should be placed at the top of the module
  Line: 11
    pylint: missing-class-docstring / Missing class docstring
  Line: 13
    pylint: missing-function-docstring / Missing function or method docstring (col 4)
  Line: 16
    bandit: B101 / Use of assert detected. The enclosed code will be removed when compiling to optimised byte code.
  Line: 18
    bandit: B101 / Use of assert detected. The enclosed code will be removed when compiling to optimised byte code.

tests\test_player.py
  Line: 1
    pylint: missing-module-docstring / Missing module docstring
  Line: 3
    pylint: unused-import / Unused import pytest
  Line: 8
    pylint: wrong-import-position / Import "from blackJack.Players import Player, Dealer" should be placed at the top of the module
  Line: 10
    pylint: missing-class-docstring / Missing class docstring
  Line: 14
    pylint: missing-function-docstring / Missing function or method docstring (col 4)
  Line: 17
    bandit: B101 / Use of assert detected. The enclosed code will be removed when compiling to optimised byte code.
  Line: 18
    bandit: B101 / Use of assert detected. The enclosed code will be removed when compiling to optimised byte code.
  Line: 19
    bandit: B101 / Use of assert detected. The enclosed code will be removed when compiling to optimised byte code.
  Line: 20
    bandit: B101 / Use of assert detected. The enclosed code will be removed when compiling to optimised byte code.
  Line: 21
    bandit: B101 / Use of assert detected. The enclosed code will be removed when compiling to optimised byte code.
  Line: 23
    pylint: missing-function-docstring / Missing function or method docstring (col 4)
  Line: 28
    bandit: B101 / Use of assert detected. The enclosed code will be removed when compiling to optimised byte code.
  Line: 29
    bandit: B101 / Use of assert detected. The enclosed code will be removed when compiling to optimised byte code.
  Line: 30
    bandit: B101 / Use of assert detected. The enclosed code will be removed when compiling to optimised byte code.
  Line: 31
    bandit: B101 / Use of assert detected. The enclosed code will be removed when compiling to optimised byte code.



Check Information
=================
         Started: 2021-05-27 23:09:02.477691
        Finished: 2021-05-27 23:09:19.097829
      Time Taken: 16.62 seconds
       Formatter: grouped
        Profiles: prospector.yaml, doc_warnings, member_warnings, strictness_medium, strictness_high, strictness_veryhigh
      Strictness: from profile
  Libraries Used: django, flask
       Tools Run: bandit, dodgy, frosted, mccabe, mypy, pep257, pep8, profile-validator, pyflakes, pylint, pyroma, vulture
  Messages Found: 185

